[debug] [2020-11-28T15:27:50.515Z] ----------------------------------------------------------------------
[debug] [2020-11-28T15:27:50.517Z] Command:       C:\Program Files\nodejs\node.exe C:\Users\jense\AppData\Roaming\npm\node_modules\firebase-tools\lib\bin\firebase.js init
[debug] [2020-11-28T15:27:50.518Z] CLI Version:   8.16.2
[debug] [2020-11-28T15:27:50.518Z] Platform:      win32
[debug] [2020-11-28T15:27:50.518Z] Node Version:  v14.15.1
[debug] [2020-11-28T15:27:50.519Z] Time:          Sat Nov 28 2020 10:27:50 GMT-0500 (Eastern Standard Time)
[debug] [2020-11-28T15:27:50.519Z] ----------------------------------------------------------------------
[debug] [2020-11-28T15:27:50.519Z] 
[debug] [2020-11-28T15:27:50.526Z] > command requires scopes: ["email","openid","https://www.googleapis.com/auth/cloudplatformprojects.readonly","https://www.googleapis.com/auth/firebase","https://www.googleapis.com/auth/cloud-platform"]
[debug] [2020-11-28T15:27:50.526Z] > authorizing via signed-in user
[info] 
     ######## #### ########  ######## ########     ###     ######  ########
     ##        ##  ##     ## ##       ##     ##  ##   ##  ##       ##
     ######    ##  ########  ######   ########  #########  ######  ######
     ##        ##  ##    ##  ##       ##     ## ##     ##       ## ##
     ##       #### ##     ## ######## ########  ##     ##  ######  ########

You're about to initialize a Firebase project in this directory:

  C:\Users\jense\Documents\GitHub\wcrs

[info] 
=== Project Setup
[info] 
[info] First, let's associate this project directory with a Firebase project.
[info] You can create multiple project aliases by running firebase use --add, 
[info] but for now we'll just set up a default project.
[info] 
[info] i  If you want to create a project in a Google Cloud organization or folder, please use "firebase projects:create" instead, and return to this command when you've created the project. 
